<?xml version="1.0" encoding="UTF-8"?>
<!-- Generated by org.testng.reporters.JUnitReportReporter -->
<testsuite hostname="DESKTOP-8DGN0RL" failures="0" tests="1" name="Telegram_Base.Telegram_Test_Base" time="0.004" errors="0" timestamp="23 Feb 2021 12:54:16 GMT" skipped="0">
  <testcase classname="Telegram_Base.Telegram_Test_Base" name="openTelegram" time="0.004"/>
</testsuite> <!-- Telegram_Base.Telegram_Test_Base -->
