<?xml version="1.0" encoding="UTF-8"?>
<!-- Generated by org.testng.reporters.JUnitReportReporter -->
<testsuite hostname="DESKTOP-8DGN0RL" failures="0" tests="1" name="Telegram_TestCases.Telegram_basic_testCase" time="12.365" errors="0" timestamp="02 Mar 2021 04:45:30 GMT" skipped="0">
  <testcase classname="Telegram_TestCases.Telegram_basic_testCase" name="fetchChatHistory" time="12.365"/>
</testsuite> <!-- Telegram_TestCases.Telegram_basic_testCase -->
